{"/Users/panda/dev/kudos-token/contracts/ERC20Token.sol":{"l":{},"path":"/Users/panda/dev/kudos-token/contracts/ERC20Token.sol","s":{},"b":{},"f":{},"fnMap":{},"statementMap":{},"branchMap":{}},"/Users/panda/dev/kudos-token/contracts/KudosToken.sol":{"l":{"40":49,"41":49},"path":"/Users/panda/dev/kudos-token/contracts/KudosToken.sol","s":{"1":49,"2":49},"b":{},"f":{"1":49},"fnMap":{"1":{"name":"KudosToken","line":39,"loc":{"start":{"line":39,"column":3},"end":{"line":39,"column":23}}}},"statementMap":{"1":{"start":{"line":40,"column":6},"end":{"line":40,"column":28}},"2":{"start":{"line":41,"column":6},"end":{"line":41,"column":37}}},"branchMap":{}},"/Users/panda/dev/kudos-token/contracts/KudosTokenLockup.sol":{"l":{"25":10,"26":8,"27":7,"28":7,"29":7,"36":6,"38":4,"39":4,"41":3,"45":2},"path":"/Users/panda/dev/kudos-token/contracts/KudosTokenLockup.sol","s":{"1":10,"2":8,"3":7,"4":7,"5":7,"6":6,"7":4,"8":4,"9":3,"10":2},"b":{"1":[8,2],"2":[7,1],"3":[4,2],"4":[3,1],"5":[3,0]},"f":{"1":10,"2":6,"3":2},"fnMap":{"1":{"name":"KudosTokenLockup","line":24,"loc":{"start":{"line":24,"column":3},"end":{"line":24,"column":80}}},"2":{"name":"release","line":35,"loc":{"start":{"line":35,"column":3},"end":{"line":35,"column":20}}},"3":{"name":"fundsAreAvailable","line":44,"loc":{"start":{"line":44,"column":3},"end":{"line":44,"column":54}}}},"statementMap":{"1":{"start":{"line":25,"column":6},"end":{"line":25,"column":49}},"2":{"start":{"line":26,"column":6},"end":{"line":26,"column":40}},"3":{"start":{"line":27,"column":6},"end":{"line":27,"column":35}},"4":{"start":{"line":28,"column":6},"end":{"line":28,"column":51}},"5":{"start":{"line":29,"column":6},"end":{"line":29,"column":31}},"6":{"start":{"line":36,"column":6},"end":{"line":36,"column":32}},"7":{"start":{"line":38,"column":6},"end":{"line":38,"column":49}},"8":{"start":{"line":39,"column":6},"end":{"line":39,"column":25}},"9":{"start":{"line":41,"column":6},"end":{"line":41,"column":54}},"10":{"start":{"line":45,"column":6},"end":{"line":45,"column":31}}},"branchMap":{"1":{"line":25,"type":"if","locations":[{"start":{"line":25,"column":6},"end":{"line":25,"column":6}},{"start":{"line":25,"column":6},"end":{"line":25,"column":6}}]},"2":{"line":26,"type":"if","locations":[{"start":{"line":26,"column":6},"end":{"line":26,"column":6}},{"start":{"line":26,"column":6},"end":{"line":26,"column":6}}]},"3":{"line":36,"type":"if","locations":[{"start":{"line":36,"column":6},"end":{"line":36,"column":6}},{"start":{"line":36,"column":6},"end":{"line":36,"column":6}}]},"4":{"line":39,"type":"if","locations":[{"start":{"line":39,"column":6},"end":{"line":39,"column":6}},{"start":{"line":39,"column":6},"end":{"line":39,"column":6}}]},"5":{"line":41,"type":"if","locations":[{"start":{"line":41,"column":6},"end":{"line":41,"column":6}},{"start":{"line":41,"column":6},"end":{"line":41,"column":6}}]}}},"/Users/panda/dev/kudos-token/contracts/KudosTokenSale.sol":{"l":{"38":36,"39":34,"40":33,"42":32,"43":32,"44":32,"48":73,"52":29,"53":18,"57":39,"65":45,"69":39,"73":33,"77":17,"84":18,"86":16,"87":16,"90":16,"93":16,"94":16,"95":16,"98":16,"99":16,"100":1,"106":16,"110":16,"111":2,"114":16,"120":3,"121":3,"122":2},"path":"/Users/panda/dev/kudos-token/contracts/KudosTokenSale.sol","s":{"1":36,"2":34,"3":33,"4":32,"5":32,"6":32,"7":73,"8":29,"9":39,"10":45,"11":39,"12":33,"13":17,"14":18,"15":16,"16":16,"17":16,"18":16,"19":16,"20":16,"21":16,"22":16,"23":16,"24":2,"25":16,"26":3,"27":3,"28":2},"b":{"1":[34,2],"2":[33,1],"3":[32,1],"4":[18,11],"5":[16,2],"6":[16,0],"7":[1,15],"8":[2,14],"9":[2,1],"10":[2,0]},"f":{"1":36,"2":73,"3":29,"4":39,"5":45,"6":39,"7":33,"8":17,"9":18,"10":16,"11":3},"fnMap":{"1":{"name":"KudosTokenSale","line":36,"loc":{"start":{"line":36,"column":3},"end":{"line":36,"column":93}}},"2":{"name":"tokensAvailable","line":47,"loc":{"start":{"line":47,"column":3},"end":{"line":47,"column":55}}},"3":{"name":"whenTokenSaleIsActive","line":51,"loc":{"start":{"line":51,"column":3},"end":{"line":51,"column":34}}},"4":{"name":"isActive","line":56,"loc":{"start":{"line":56,"column":3},"end":{"line":56,"column":45}}},"5":{"name":"isAfterStartTime","line":64,"loc":{"start":{"line":64,"column":3},"end":{"line":64,"column":53}}},"6":{"name":"isBeforeEndTime","line":68,"loc":{"start":{"line":68,"column":3},"end":{"line":68,"column":52}}},"7":{"name":"tokensAreAvailable","line":72,"loc":{"start":{"line":72,"column":3},"end":{"line":72,"column":55}}},"8":{"name":null,"line":76,"loc":{"start":{"line":76,"column":3},"end":{"line":76,"column":21}}},"9":{"name":"issueTokens","line":82,"loc":{"start":{"line":82,"column":3},"end":{"line":82,"column":54}}},"10":{"name":"getNumberOfTokensToIssue","line":104,"loc":{"start":{"line":104,"column":3},"end":{"line":104,"column":90}}},"11":{"name":"endTokenSale","line":117,"loc":{"start":{"line":117,"column":3},"end":{"line":117,"column":35}}}},"statementMap":{"1":{"start":{"line":38,"column":6},"end":{"line":38,"column":35}},"2":{"start":{"line":39,"column":6},"end":{"line":39,"column":31}},"3":{"start":{"line":40,"column":6},"end":{"line":40,"column":49}},"4":{"start":{"line":42,"column":6},"end":{"line":42,"column":21}},"5":{"start":{"line":43,"column":6},"end":{"line":43,"column":27}},"6":{"start":{"line":44,"column":6},"end":{"line":44,"column":51}},"7":{"start":{"line":48,"column":6},"end":{"line":48,"column":39}},"8":{"start":{"line":52,"column":6},"end":{"line":52,"column":24}},"9":{"start":{"line":57,"column":6},"end":{"line":57,"column":1770}},"10":{"start":{"line":65,"column":6},"end":{"line":65,"column":29}},"11":{"start":{"line":69,"column":6},"end":{"line":69,"column":56}},"12":{"start":{"line":73,"column":6},"end":{"line":73,"column":34}},"13":{"start":{"line":77,"column":6},"end":{"line":77,"column":18}},"14":{"start":{"line":84,"column":6},"end":{"line":84,"column":27}},"15":{"start":{"line":86,"column":6},"end":{"line":86,"column":64}},"16":{"start":{"line":87,"column":6},"end":{"line":87,"column":66}},"17":{"start":{"line":93,"column":6},"end":{"line":93,"column":64}},"18":{"start":{"line":94,"column":6},"end":{"line":94,"column":59}},"19":{"start":{"line":95,"column":6},"end":{"line":95,"column":54}},"20":{"start":{"line":98,"column":6},"end":{"line":98,"column":46}},"21":{"start":{"line":99,"column":6},"end":{"line":99,"column":2997}},"22":{"start":{"line":106,"column":6},"end":{"line":106,"column":64}},"23":{"start":{"line":110,"column":6},"end":{"line":110,"column":3386}},"24":{"start":{"line":111,"column":9},"end":{"line":111,"column":49}},"25":{"start":{"line":114,"column":6},"end":{"line":114,"column":34}},"26":{"start":{"line":120,"column":6},"end":{"line":120,"column":49}},"27":{"start":{"line":121,"column":6},"end":{"line":121,"column":25}},"28":{"start":{"line":122,"column":6},"end":{"line":122,"column":48}}},"branchMap":{"1":{"line":38,"type":"if","locations":[{"start":{"line":38,"column":6},"end":{"line":38,"column":6}},{"start":{"line":38,"column":6},"end":{"line":38,"column":6}}]},"2":{"line":39,"type":"if","locations":[{"start":{"line":39,"column":6},"end":{"line":39,"column":6}},{"start":{"line":39,"column":6},"end":{"line":39,"column":6}}]},"3":{"line":40,"type":"if","locations":[{"start":{"line":40,"column":6},"end":{"line":40,"column":6}},{"start":{"line":40,"column":6},"end":{"line":40,"column":6}}]},"4":{"line":52,"type":"if","locations":[{"start":{"line":52,"column":6},"end":{"line":52,"column":6}},{"start":{"line":52,"column":6},"end":{"line":52,"column":6}}]},"5":{"line":84,"type":"if","locations":[{"start":{"line":84,"column":6},"end":{"line":84,"column":6}},{"start":{"line":84,"column":6},"end":{"line":84,"column":6}}]},"6":{"line":94,"type":"if","locations":[{"start":{"line":94,"column":6},"end":{"line":94,"column":6}},{"start":{"line":94,"column":6},"end":{"line":94,"column":6}}]},"7":{"line":99,"type":"if","locations":[{"start":{"line":99,"column":6},"end":{"line":99,"column":6}},{"start":{"line":99,"column":6},"end":{"line":99,"column":6}}]},"8":{"line":110,"type":"if","locations":[{"start":{"line":110,"column":6},"end":{"line":110,"column":6}},{"start":{"line":110,"column":6},"end":{"line":110,"column":6}}]},"9":{"line":121,"type":"if","locations":[{"start":{"line":121,"column":6},"end":{"line":121,"column":6}},{"start":{"line":121,"column":6},"end":{"line":121,"column":6}}]},"10":{"line":122,"type":"if","locations":[{"start":{"line":122,"column":6},"end":{"line":122,"column":6}},{"start":{"line":122,"column":6},"end":{"line":122,"column":6}}]}}},"/Users/panda/dev/kudos-token/contracts/Ownable.sol":{"l":{"17":91,"24":9,"25":7,"33":2,"34":1,"35":1},"path":"/Users/panda/dev/kudos-token/contracts/Ownable.sol","s":{"1":91,"2":9,"3":2,"4":1,"5":1},"b":{"1":[7,2],"2":[1,1]},"f":{"1":91,"2":9,"3":2},"fnMap":{"1":{"name":"Ownable","line":16,"loc":{"start":{"line":16,"column":3},"end":{"line":16,"column":20}}},"2":{"name":"onlyOwner","line":23,"loc":{"start":{"line":23,"column":3},"end":{"line":23,"column":22}}},"3":{"name":"transferOwnership","line":32,"loc":{"start":{"line":32,"column":3},"end":{"line":32,"column":56}}}},"statementMap":{"1":{"start":{"line":17,"column":6},"end":{"line":17,"column":23}},"2":{"start":{"line":24,"column":6},"end":{"line":24,"column":33}},"3":{"start":{"line":33,"column":6},"end":{"line":33,"column":36}},"4":{"start":{"line":34,"column":6},"end":{"line":34,"column":42}},"5":{"start":{"line":35,"column":6},"end":{"line":35,"column":21}}},"branchMap":{"1":{"line":24,"type":"if","locations":[{"start":{"line":24,"column":6},"end":{"line":24,"column":6}},{"start":{"line":24,"column":6},"end":{"line":24,"column":6}}]},"2":{"line":33,"type":"if","locations":[{"start":{"line":33,"column":6},"end":{"line":33,"column":6}},{"start":{"line":33,"column":6},"end":{"line":33,"column":6}}]}}},"/Users/panda/dev/kudos-token/contracts/SafeMath.sol":{"l":{"10":20,"11":20,"12":20,"17":20,"19":19,"23":116,"24":107,"28":117,"29":117,"30":117,"34":19},"path":"/Users/panda/dev/kudos-token/contracts/SafeMath.sol","s":{"1":20,"2":20,"3":20,"4":20,"5":19,"6":116,"7":107,"8":117,"9":117,"10":117,"11":19},"b":{"1":[20,0],"2":[107,9],"3":[117,0]},"f":{"1":20,"2":20,"3":116,"4":117,"5":19},"fnMap":{"1":{"name":"mul","line":9,"loc":{"start":{"line":9,"column":3},"end":{"line":9,"column":72}}},"2":{"name":"div","line":15,"loc":{"start":{"line":15,"column":3},"end":{"line":15,"column":72}}},"3":{"name":"sub","line":22,"loc":{"start":{"line":22,"column":3},"end":{"line":22,"column":72}}},"4":{"name":"add","line":27,"loc":{"start":{"line":27,"column":3},"end":{"line":27,"column":72}}},"5":{"name":"min256","line":33,"loc":{"start":{"line":33,"column":3},"end":{"line":33,"column":75}}}},"statementMap":{"1":{"start":{"line":10,"column":6},"end":{"line":10,"column":22}},"2":{"start":{"line":11,"column":6},"end":{"line":11,"column":33}},"3":{"start":{"line":12,"column":6},"end":{"line":12,"column":14}},"4":{"start":{"line":17,"column":6},"end":{"line":17,"column":22}},"5":{"start":{"line":19,"column":6},"end":{"line":19,"column":14}},"6":{"start":{"line":23,"column":6},"end":{"line":23,"column":19}},"7":{"start":{"line":24,"column":6},"end":{"line":24,"column":18}},"8":{"start":{"line":28,"column":6},"end":{"line":28,"column":22}},"9":{"start":{"line":29,"column":6},"end":{"line":29,"column":19}},"10":{"start":{"line":30,"column":6},"end":{"line":30,"column":14}},"11":{"start":{"line":34,"column":6},"end":{"line":34,"column":26}}},"branchMap":{"1":{"line":11,"type":"if","locations":[{"start":{"line":11,"column":6},"end":{"line":11,"column":6}},{"start":{"line":11,"column":6},"end":{"line":11,"column":6}}]},"2":{"line":23,"type":"if","locations":[{"start":{"line":23,"column":6},"end":{"line":23,"column":6}},{"start":{"line":23,"column":6},"end":{"line":23,"column":6}}]},"3":{"line":29,"type":"if","locations":[{"start":{"line":29,"column":6},"end":{"line":29,"column":6}},{"start":{"line":29,"column":6},"end":{"line":29,"column":6}}]}}},"/Users/panda/dev/kudos-token/contracts/StandardToken.sol":{"l":{"25":170,"35":66,"38":64,"39":60,"40":60,"41":60,"52":8,"54":7,"55":7,"56":7,"57":7,"58":4,"59":4,"73":20,"75":18,"76":18,"77":18,"87":10},"path":"/Users/panda/dev/kudos-token/contracts/StandardToken.sol","s":{"1":170,"2":66,"3":64,"4":60,"5":60,"6":60,"7":8,"8":7,"9":7,"10":7,"11":7,"12":4,"13":4,"14":20,"15":18,"16":18,"17":18,"18":10},"b":{"1":[64,2],"2":[7,1],"3":[18,2]},"f":{"1":170,"2":66,"3":8,"4":20,"5":10},"fnMap":{"1":{"name":"balanceOf","line":24,"loc":{"start":{"line":24,"column":3},"end":{"line":24,"column":71}}},"2":{"name":"transfer","line":34,"loc":{"start":{"line":34,"column":3},"end":{"line":34,"column":71}}},"3":{"name":"transferFrom","line":51,"loc":{"start":{"line":51,"column":3},"end":{"line":51,"column":90}}},"4":{"name":"approve","line":70,"loc":{"start":{"line":70,"column":3},"end":{"line":70,"column":75}}},"5":{"name":"allowance","line":86,"loc":{"start":{"line":86,"column":3},"end":{"line":86,"column":91}}}},"statementMap":{"1":{"start":{"line":25,"column":6},"end":{"line":25,"column":29}},"2":{"start":{"line":35,"column":6},"end":{"line":35,"column":31}},"3":{"start":{"line":38,"column":6},"end":{"line":38,"column":60}},"4":{"start":{"line":39,"column":6},"end":{"line":39,"column":46}},"5":{"start":{"line":40,"column":6},"end":{"line":40,"column":38}},"6":{"start":{"line":41,"column":6},"end":{"line":41,"column":17}},"7":{"start":{"line":52,"column":6},"end":{"line":52,"column":31}},"8":{"start":{"line":54,"column":6},"end":{"line":54,"column":52}},"9":{"start":{"line":55,"column":6},"end":{"line":55,"column":50}},"10":{"start":{"line":56,"column":6},"end":{"line":56,"column":46}},"11":{"start":{"line":57,"column":6},"end":{"line":57,"column":56}},"12":{"start":{"line":58,"column":6},"end":{"line":58,"column":33}},"13":{"start":{"line":59,"column":6},"end":{"line":59,"column":17}},"14":{"start":{"line":73,"column":5},"end":{"line":73,"column":66}},"15":{"start":{"line":75,"column":5},"end":{"line":75,"column":42}},"16":{"start":{"line":76,"column":5},"end":{"line":76,"column":42}},"17":{"start":{"line":77,"column":5},"end":{"line":77,"column":16}},"18":{"start":{"line":87,"column":5},"end":{"line":87,"column":37}}},"branchMap":{"1":{"line":35,"type":"if","locations":[{"start":{"line":35,"column":6},"end":{"line":35,"column":6}},{"start":{"line":35,"column":6},"end":{"line":35,"column":6}}]},"2":{"line":52,"type":"if","locations":[{"start":{"line":52,"column":6},"end":{"line":52,"column":6}},{"start":{"line":52,"column":6},"end":{"line":52,"column":6}}]},"3":{"line":73,"type":"if","locations":[{"start":{"line":73,"column":5},"end":{"line":73,"column":5}},{"start":{"line":73,"column":5},"end":{"line":73,"column":5}}]}}},"/Users/panda/dev/kudos-token/contracts/TokenHolder.sol":{"l":{"20":2},"path":"/Users/panda/dev/kudos-token/contracts/TokenHolder.sol","s":{"1":2},"b":{},"f":{"1":2},"fnMap":{"1":{"name":"transferAnyERC20Token","line":19,"loc":{"start":{"line":19,"column":4},"end":{"line":19,"column":105}}}},"statementMap":{"1":{"start":{"line":20,"column":8},"end":{"line":20,"column":65}}},"branchMap":{}}}