{"/Users/panda/dev/kudos-token/contracts/ERC20Token.sol":{"l":{},"path":"/Users/panda/dev/kudos-token/contracts/ERC20Token.sol","s":{},"b":{},"f":{},"fnMap":{},"statementMap":{},"branchMap":{}},"/Users/panda/dev/kudos-token/contracts/KudosToken.sol":{"l":{"40":6,"41":6},"path":"/Users/panda/dev/kudos-token/contracts/KudosToken.sol","s":{"1":6,"2":6},"b":{},"f":{"1":6},"fnMap":{"1":{"name":"KudosToken","line":39,"loc":{"start":{"line":39,"column":3},"end":{"line":39,"column":23}}}},"statementMap":{"1":{"start":{"line":40,"column":6},"end":{"line":40,"column":28}},"2":{"start":{"line":41,"column":6},"end":{"line":41,"column":37}}},"branchMap":{}},"/Users/panda/dev/kudos-token/contracts/KudosTokenLockup.sol":{"l":{"25":5,"26":5,"27":5,"28":5,"29":5,"36":6,"38":4,"39":4,"41":3,"45":0},"path":"/Users/panda/dev/kudos-token/contracts/KudosTokenLockup.sol","s":{"1":5,"2":5,"3":5,"4":5,"5":5,"6":6,"7":4,"8":4,"9":3,"10":0},"b":{"1":[5,0],"2":[5,0],"3":[4,2],"4":[3,1],"5":[3,0]},"f":{"1":5,"2":6,"3":0},"fnMap":{"1":{"name":"KudosTokenLockup","line":24,"loc":{"start":{"line":24,"column":3},"end":{"line":24,"column":80}}},"2":{"name":"release","line":35,"loc":{"start":{"line":35,"column":3},"end":{"line":35,"column":20}}},"3":{"name":"fundsAreAvailable","line":44,"loc":{"start":{"line":44,"column":3},"end":{"line":44,"column":54}}}},"statementMap":{"1":{"start":{"line":25,"column":6},"end":{"line":25,"column":49}},"2":{"start":{"line":26,"column":6},"end":{"line":26,"column":40}},"3":{"start":{"line":27,"column":6},"end":{"line":27,"column":35}},"4":{"start":{"line":28,"column":6},"end":{"line":28,"column":51}},"5":{"start":{"line":29,"column":6},"end":{"line":29,"column":31}},"6":{"start":{"line":36,"column":6},"end":{"line":36,"column":32}},"7":{"start":{"line":38,"column":6},"end":{"line":38,"column":49}},"8":{"start":{"line":39,"column":6},"end":{"line":39,"column":25}},"9":{"start":{"line":41,"column":6},"end":{"line":41,"column":54}},"10":{"start":{"line":45,"column":6},"end":{"line":45,"column":31}}},"branchMap":{"1":{"line":25,"type":"if","locations":[{"start":{"line":25,"column":6},"end":{"line":25,"column":6}},{"start":{"line":25,"column":6},"end":{"line":25,"column":6}}]},"2":{"line":26,"type":"if","locations":[{"start":{"line":26,"column":6},"end":{"line":26,"column":6}},{"start":{"line":26,"column":6},"end":{"line":26,"column":6}}]},"3":{"line":36,"type":"if","locations":[{"start":{"line":36,"column":6},"end":{"line":36,"column":6}},{"start":{"line":36,"column":6},"end":{"line":36,"column":6}}]},"4":{"line":39,"type":"if","locations":[{"start":{"line":39,"column":6},"end":{"line":39,"column":6}},{"start":{"line":39,"column":6},"end":{"line":39,"column":6}}]},"5":{"line":41,"type":"if","locations":[{"start":{"line":41,"column":6},"end":{"line":41,"column":6}},{"start":{"line":41,"column":6},"end":{"line":41,"column":6}}]}}},"/Users/panda/dev/kudos-token/contracts/KudosTokenPresale.sol":{"l":{"37":0,"38":0,"42":0,"46":0,"47":0,"51":0,"59":0,"63":0,"67":0,"71":0,"78":0,"80":0,"81":0,"84":0,"87":0,"88":0,"89":0,"92":0,"93":0,"94":0,"100":0,"104":0,"105":0,"108":0,"114":0,"115":0,"116":0},"path":"/Users/panda/dev/kudos-token/contracts/KudosTokenPresale.sol","s":{"1":0,"2":0,"3":0,"4":0,"5":0,"6":0,"7":0,"8":0,"9":0,"10":0,"11":0,"12":0,"13":0,"14":0,"15":0,"16":0,"17":0,"18":0,"19":0,"20":0,"21":0,"22":0,"23":0,"24":0},"b":{"1":[0,0],"2":[0,0],"3":[0,0],"4":[0,0],"5":[0,0],"6":[0,0],"7":[0,0],"8":[0,0]},"f":{"1":0,"2":0,"3":0,"4":0,"5":0,"6":0,"7":0,"8":0,"9":0,"10":0,"11":0},"fnMap":{"1":{"name":"KudosTokenPresale","line":36,"loc":{"start":{"line":36,"column":3},"end":{"line":36,"column":59}}},"2":{"name":"tokensAvailable","line":41,"loc":{"start":{"line":41,"column":3},"end":{"line":41,"column":55}}},"3":{"name":"whenTokenSaleIsActive","line":45,"loc":{"start":{"line":45,"column":3},"end":{"line":45,"column":34}}},"4":{"name":"isActive","line":50,"loc":{"start":{"line":50,"column":3},"end":{"line":50,"column":45}}},"5":{"name":"isAfterStartTime","line":58,"loc":{"start":{"line":58,"column":3},"end":{"line":58,"column":53}}},"6":{"name":"isBeforeEndTime","line":62,"loc":{"start":{"line":62,"column":3},"end":{"line":62,"column":52}}},"7":{"name":"tokensAreAvailable","line":66,"loc":{"start":{"line":66,"column":3},"end":{"line":66,"column":55}}},"8":{"name":null,"line":70,"loc":{"start":{"line":70,"column":3},"end":{"line":70,"column":21}}},"9":{"name":"issueTokens","line":76,"loc":{"start":{"line":76,"column":3},"end":{"line":76,"column":54}}},"10":{"name":"getNumberOfTokensToIssue","line":98,"loc":{"start":{"line":98,"column":3},"end":{"line":98,"column":90}}},"11":{"name":"endTokenSale","line":111,"loc":{"start":{"line":111,"column":3},"end":{"line":111,"column":35}}}},"statementMap":{"1":{"start":{"line":37,"column":6},"end":{"line":37,"column":49}},"2":{"start":{"line":38,"column":6},"end":{"line":38,"column":51}},"3":{"start":{"line":42,"column":6},"end":{"line":42,"column":39}},"4":{"start":{"line":46,"column":6},"end":{"line":46,"column":24}},"5":{"start":{"line":51,"column":6},"end":{"line":51,"column":1699}},"6":{"start":{"line":59,"column":6},"end":{"line":59,"column":29}},"7":{"start":{"line":63,"column":6},"end":{"line":63,"column":56}},"8":{"start":{"line":67,"column":6},"end":{"line":67,"column":34}},"9":{"start":{"line":71,"column":6},"end":{"line":71,"column":18}},"10":{"start":{"line":78,"column":6},"end":{"line":78,"column":27}},"11":{"start":{"line":80,"column":6},"end":{"line":80,"column":64}},"12":{"start":{"line":81,"column":6},"end":{"line":81,"column":66}},"13":{"start":{"line":87,"column":6},"end":{"line":87,"column":64}},"14":{"start":{"line":88,"column":6},"end":{"line":88,"column":54}},"15":{"start":{"line":89,"column":6},"end":{"line":89,"column":50}},"16":{"start":{"line":92,"column":6},"end":{"line":92,"column":46}},"17":{"start":{"line":93,"column":6},"end":{"line":93,"column":2956}},"18":{"start":{"line":100,"column":6},"end":{"line":100,"column":64}},"19":{"start":{"line":104,"column":6},"end":{"line":104,"column":3340}},"20":{"start":{"line":105,"column":9},"end":{"line":105,"column":49}},"21":{"start":{"line":108,"column":6},"end":{"line":108,"column":34}},"22":{"start":{"line":114,"column":6},"end":{"line":114,"column":49}},"23":{"start":{"line":115,"column":6},"end":{"line":115,"column":25}},"24":{"start":{"line":116,"column":6},"end":{"line":116,"column":48}}},"branchMap":{"1":{"line":37,"type":"if","locations":[{"start":{"line":37,"column":6},"end":{"line":37,"column":6}},{"start":{"line":37,"column":6},"end":{"line":37,"column":6}}]},"2":{"line":46,"type":"if","locations":[{"start":{"line":46,"column":6},"end":{"line":46,"column":6}},{"start":{"line":46,"column":6},"end":{"line":46,"column":6}}]},"3":{"line":78,"type":"if","locations":[{"start":{"line":78,"column":6},"end":{"line":78,"column":6}},{"start":{"line":78,"column":6},"end":{"line":78,"column":6}}]},"4":{"line":88,"type":"if","locations":[{"start":{"line":88,"column":6},"end":{"line":88,"column":6}},{"start":{"line":88,"column":6},"end":{"line":88,"column":6}}]},"5":{"line":93,"type":"if","locations":[{"start":{"line":93,"column":6},"end":{"line":93,"column":6}},{"start":{"line":93,"column":6},"end":{"line":93,"column":6}}]},"6":{"line":104,"type":"if","locations":[{"start":{"line":104,"column":6},"end":{"line":104,"column":6}},{"start":{"line":104,"column":6},"end":{"line":104,"column":6}}]},"7":{"line":115,"type":"if","locations":[{"start":{"line":115,"column":6},"end":{"line":115,"column":6}},{"start":{"line":115,"column":6},"end":{"line":115,"column":6}}]},"8":{"line":116,"type":"if","locations":[{"start":{"line":116,"column":6},"end":{"line":116,"column":6}},{"start":{"line":116,"column":6},"end":{"line":116,"column":6}}]}}},"/Users/panda/dev/kudos-token/contracts/KudosTokenSale.sol":{"l":{"37":0,"38":0,"42":0,"46":0,"47":0,"51":0,"59":0,"63":0,"67":0,"71":0,"78":0,"80":0,"81":0,"84":0,"87":0,"88":0,"89":0,"92":0,"93":0,"94":0,"100":0,"104":0,"105":0,"108":0,"114":0,"115":0,"116":0},"path":"/Users/panda/dev/kudos-token/contracts/KudosTokenSale.sol","s":{"1":0,"2":0,"3":0,"4":0,"5":0,"6":0,"7":0,"8":0,"9":0,"10":0,"11":0,"12":0,"13":0,"14":0,"15":0,"16":0,"17":0,"18":0,"19":0,"20":0,"21":0,"22":0,"23":0,"24":0},"b":{"1":[0,0],"2":[0,0],"3":[0,0],"4":[0,0],"5":[0,0],"6":[0,0],"7":[0,0],"8":[0,0]},"f":{"1":0,"2":0,"3":0,"4":0,"5":0,"6":0,"7":0,"8":0,"9":0,"10":0,"11":0},"fnMap":{"1":{"name":"KudosTokenSale","line":36,"loc":{"start":{"line":36,"column":3},"end":{"line":36,"column":56}}},"2":{"name":"tokensAvailable","line":41,"loc":{"start":{"line":41,"column":3},"end":{"line":41,"column":55}}},"3":{"name":"whenTokenSaleIsActive","line":45,"loc":{"start":{"line":45,"column":3},"end":{"line":45,"column":34}}},"4":{"name":"isActive","line":50,"loc":{"start":{"line":50,"column":3},"end":{"line":50,"column":45}}},"5":{"name":"isAfterStartTime","line":58,"loc":{"start":{"line":58,"column":3},"end":{"line":58,"column":53}}},"6":{"name":"isBeforeEndTime","line":62,"loc":{"start":{"line":62,"column":3},"end":{"line":62,"column":52}}},"7":{"name":"tokensAreAvailable","line":66,"loc":{"start":{"line":66,"column":3},"end":{"line":66,"column":55}}},"8":{"name":null,"line":70,"loc":{"start":{"line":70,"column":3},"end":{"line":70,"column":21}}},"9":{"name":"issueTokens","line":76,"loc":{"start":{"line":76,"column":3},"end":{"line":76,"column":54}}},"10":{"name":"getNumberOfTokensToIssue","line":98,"loc":{"start":{"line":98,"column":3},"end":{"line":98,"column":90}}},"11":{"name":"endTokenSale","line":111,"loc":{"start":{"line":111,"column":3},"end":{"line":111,"column":35}}}},"statementMap":{"1":{"start":{"line":37,"column":6},"end":{"line":37,"column":49}},"2":{"start":{"line":38,"column":6},"end":{"line":38,"column":51}},"3":{"start":{"line":42,"column":6},"end":{"line":42,"column":39}},"4":{"start":{"line":46,"column":6},"end":{"line":46,"column":24}},"5":{"start":{"line":51,"column":6},"end":{"line":51,"column":1685}},"6":{"start":{"line":59,"column":6},"end":{"line":59,"column":29}},"7":{"start":{"line":63,"column":6},"end":{"line":63,"column":56}},"8":{"start":{"line":67,"column":6},"end":{"line":67,"column":34}},"9":{"start":{"line":71,"column":6},"end":{"line":71,"column":18}},"10":{"start":{"line":78,"column":6},"end":{"line":78,"column":27}},"11":{"start":{"line":80,"column":6},"end":{"line":80,"column":64}},"12":{"start":{"line":81,"column":6},"end":{"line":81,"column":66}},"13":{"start":{"line":87,"column":6},"end":{"line":87,"column":64}},"14":{"start":{"line":88,"column":6},"end":{"line":88,"column":59}},"15":{"start":{"line":89,"column":6},"end":{"line":89,"column":43}},"16":{"start":{"line":92,"column":6},"end":{"line":92,"column":46}},"17":{"start":{"line":93,"column":6},"end":{"line":93,"column":2873}},"18":{"start":{"line":100,"column":6},"end":{"line":100,"column":64}},"19":{"start":{"line":104,"column":6},"end":{"line":104,"column":3257}},"20":{"start":{"line":105,"column":9},"end":{"line":105,"column":49}},"21":{"start":{"line":108,"column":6},"end":{"line":108,"column":34}},"22":{"start":{"line":114,"column":6},"end":{"line":114,"column":49}},"23":{"start":{"line":115,"column":6},"end":{"line":115,"column":25}},"24":{"start":{"line":116,"column":6},"end":{"line":116,"column":48}}},"branchMap":{"1":{"line":37,"type":"if","locations":[{"start":{"line":37,"column":6},"end":{"line":37,"column":6}},{"start":{"line":37,"column":6},"end":{"line":37,"column":6}}]},"2":{"line":46,"type":"if","locations":[{"start":{"line":46,"column":6},"end":{"line":46,"column":6}},{"start":{"line":46,"column":6},"end":{"line":46,"column":6}}]},"3":{"line":78,"type":"if","locations":[{"start":{"line":78,"column":6},"end":{"line":78,"column":6}},{"start":{"line":78,"column":6},"end":{"line":78,"column":6}}]},"4":{"line":88,"type":"if","locations":[{"start":{"line":88,"column":6},"end":{"line":88,"column":6}},{"start":{"line":88,"column":6},"end":{"line":88,"column":6}}]},"5":{"line":93,"type":"if","locations":[{"start":{"line":93,"column":6},"end":{"line":93,"column":6}},{"start":{"line":93,"column":6},"end":{"line":93,"column":6}}]},"6":{"line":104,"type":"if","locations":[{"start":{"line":104,"column":6},"end":{"line":104,"column":6}},{"start":{"line":104,"column":6},"end":{"line":104,"column":6}}]},"7":{"line":115,"type":"if","locations":[{"start":{"line":115,"column":6},"end":{"line":115,"column":6}},{"start":{"line":115,"column":6},"end":{"line":115,"column":6}}]},"8":{"line":116,"type":"if","locations":[{"start":{"line":116,"column":6},"end":{"line":116,"column":6}},{"start":{"line":116,"column":6},"end":{"line":116,"column":6}}]}}},"/Users/panda/dev/kudos-token/contracts/Ownable.sol":{"l":{"17":12,"24":6,"25":4,"33":2,"34":1,"35":1},"path":"/Users/panda/dev/kudos-token/contracts/Ownable.sol","s":{"1":12,"2":6,"3":2,"4":1,"5":1},"b":{"1":[4,2],"2":[1,1]},"f":{"1":12,"2":6,"3":2},"fnMap":{"1":{"name":"Ownable","line":16,"loc":{"start":{"line":16,"column":3},"end":{"line":16,"column":20}}},"2":{"name":"onlyOwner","line":23,"loc":{"start":{"line":23,"column":3},"end":{"line":23,"column":22}}},"3":{"name":"transferOwnership","line":32,"loc":{"start":{"line":32,"column":3},"end":{"line":32,"column":56}}}},"statementMap":{"1":{"start":{"line":17,"column":6},"end":{"line":17,"column":23}},"2":{"start":{"line":24,"column":6},"end":{"line":24,"column":33}},"3":{"start":{"line":33,"column":6},"end":{"line":33,"column":36}},"4":{"start":{"line":34,"column":6},"end":{"line":34,"column":42}},"5":{"start":{"line":35,"column":6},"end":{"line":35,"column":21}}},"branchMap":{"1":{"line":24,"type":"if","locations":[{"start":{"line":24,"column":6},"end":{"line":24,"column":6}},{"start":{"line":24,"column":6},"end":{"line":24,"column":6}}]},"2":{"line":33,"type":"if","locations":[{"start":{"line":33,"column":6},"end":{"line":33,"column":6}},{"start":{"line":33,"column":6},"end":{"line":33,"column":6}}]}}},"/Users/panda/dev/kudos-token/contracts/SafeMath.sol":{"l":{"10":4,"11":4,"12":4,"17":4,"19":3,"23":41,"24":32,"28":33,"29":33,"30":33,"34":3},"path":"/Users/panda/dev/kudos-token/contracts/SafeMath.sol","s":{"1":4,"2":4,"3":4,"4":4,"5":3,"6":41,"7":32,"8":33,"9":33,"10":33,"11":3},"b":{"1":[4,0],"2":[32,9],"3":[33,0]},"f":{"1":4,"2":4,"3":41,"4":33,"5":3},"fnMap":{"1":{"name":"mul","line":9,"loc":{"start":{"line":9,"column":3},"end":{"line":9,"column":72}}},"2":{"name":"div","line":15,"loc":{"start":{"line":15,"column":3},"end":{"line":15,"column":72}}},"3":{"name":"sub","line":22,"loc":{"start":{"line":22,"column":3},"end":{"line":22,"column":72}}},"4":{"name":"add","line":27,"loc":{"start":{"line":27,"column":3},"end":{"line":27,"column":72}}},"5":{"name":"min256","line":33,"loc":{"start":{"line":33,"column":3},"end":{"line":33,"column":75}}}},"statementMap":{"1":{"start":{"line":10,"column":6},"end":{"line":10,"column":22}},"2":{"start":{"line":11,"column":6},"end":{"line":11,"column":33}},"3":{"start":{"line":12,"column":6},"end":{"line":12,"column":14}},"4":{"start":{"line":17,"column":6},"end":{"line":17,"column":22}},"5":{"start":{"line":19,"column":6},"end":{"line":19,"column":14}},"6":{"start":{"line":23,"column":6},"end":{"line":23,"column":19}},"7":{"start":{"line":24,"column":6},"end":{"line":24,"column":18}},"8":{"start":{"line":28,"column":6},"end":{"line":28,"column":22}},"9":{"start":{"line":29,"column":6},"end":{"line":29,"column":19}},"10":{"start":{"line":30,"column":6},"end":{"line":30,"column":14}},"11":{"start":{"line":34,"column":6},"end":{"line":34,"column":26}}},"branchMap":{"1":{"line":11,"type":"if","locations":[{"start":{"line":11,"column":6},"end":{"line":11,"column":6}},{"start":{"line":11,"column":6},"end":{"line":11,"column":6}}]},"2":{"line":23,"type":"if","locations":[{"start":{"line":23,"column":6},"end":{"line":23,"column":6}},{"start":{"line":23,"column":6},"end":{"line":23,"column":6}}]},"3":{"line":29,"type":"if","locations":[{"start":{"line":29,"column":6},"end":{"line":29,"column":6}},{"start":{"line":29,"column":6},"end":{"line":29,"column":6}}]}}},"/Users/panda/dev/kudos-token/contracts/StandardToken.sol":{"l":{"25":87,"35":23,"38":21,"39":17,"40":17,"41":17,"52":8,"54":7,"55":7,"56":7,"57":7,"58":4,"59":4,"73":20,"75":18,"76":18,"77":18,"87":10},"path":"/Users/panda/dev/kudos-token/contracts/StandardToken.sol","s":{"1":87,"2":23,"3":21,"4":17,"5":17,"6":17,"7":8,"8":7,"9":7,"10":7,"11":7,"12":4,"13":4,"14":20,"15":18,"16":18,"17":18,"18":10},"b":{"1":[21,2],"2":[7,1],"3":[18,2]},"f":{"1":87,"2":23,"3":8,"4":20,"5":10},"fnMap":{"1":{"name":"balanceOf","line":24,"loc":{"start":{"line":24,"column":3},"end":{"line":24,"column":71}}},"2":{"name":"transfer","line":34,"loc":{"start":{"line":34,"column":3},"end":{"line":34,"column":71}}},"3":{"name":"transferFrom","line":51,"loc":{"start":{"line":51,"column":3},"end":{"line":51,"column":90}}},"4":{"name":"approve","line":70,"loc":{"start":{"line":70,"column":3},"end":{"line":70,"column":75}}},"5":{"name":"allowance","line":86,"loc":{"start":{"line":86,"column":3},"end":{"line":86,"column":91}}}},"statementMap":{"1":{"start":{"line":25,"column":6},"end":{"line":25,"column":29}},"2":{"start":{"line":35,"column":6},"end":{"line":35,"column":31}},"3":{"start":{"line":38,"column":6},"end":{"line":38,"column":60}},"4":{"start":{"line":39,"column":6},"end":{"line":39,"column":46}},"5":{"start":{"line":40,"column":6},"end":{"line":40,"column":38}},"6":{"start":{"line":41,"column":6},"end":{"line":41,"column":17}},"7":{"start":{"line":52,"column":6},"end":{"line":52,"column":31}},"8":{"start":{"line":54,"column":6},"end":{"line":54,"column":52}},"9":{"start":{"line":55,"column":6},"end":{"line":55,"column":50}},"10":{"start":{"line":56,"column":6},"end":{"line":56,"column":46}},"11":{"start":{"line":57,"column":6},"end":{"line":57,"column":56}},"12":{"start":{"line":58,"column":6},"end":{"line":58,"column":33}},"13":{"start":{"line":59,"column":6},"end":{"line":59,"column":17}},"14":{"start":{"line":73,"column":5},"end":{"line":73,"column":66}},"15":{"start":{"line":75,"column":5},"end":{"line":75,"column":42}},"16":{"start":{"line":76,"column":5},"end":{"line":76,"column":42}},"17":{"start":{"line":77,"column":5},"end":{"line":77,"column":16}},"18":{"start":{"line":87,"column":5},"end":{"line":87,"column":37}}},"branchMap":{"1":{"line":35,"type":"if","locations":[{"start":{"line":35,"column":6},"end":{"line":35,"column":6}},{"start":{"line":35,"column":6},"end":{"line":35,"column":6}}]},"2":{"line":52,"type":"if","locations":[{"start":{"line":52,"column":6},"end":{"line":52,"column":6}},{"start":{"line":52,"column":6},"end":{"line":52,"column":6}}]},"3":{"line":73,"type":"if","locations":[{"start":{"line":73,"column":5},"end":{"line":73,"column":5}},{"start":{"line":73,"column":5},"end":{"line":73,"column":5}}]}}},"/Users/panda/dev/kudos-token/contracts/TokenHolder.sol":{"l":{"20":2},"path":"/Users/panda/dev/kudos-token/contracts/TokenHolder.sol","s":{"1":2},"b":{},"f":{"1":2},"fnMap":{"1":{"name":"transferAnyERC20Token","line":19,"loc":{"start":{"line":19,"column":4},"end":{"line":19,"column":105}}}},"statementMap":{"1":{"start":{"line":20,"column":8},"end":{"line":20,"column":65}}},"branchMap":{}}}