TN:
SF:/Users/panda/dev/kudos-token/contracts/ERC20Token.sol
FNF:0
FNH:0
LF:0
LH:0
BRF:0
BRH:0
end_of_record
TN:
SF:/Users/panda/dev/kudos-token/contracts/KudosToken.sol
FN:39,KudosToken
FNF:1
FNH:1
FNDA:40,KudosToken
DA:40,40
DA:41,40
LF:2
LH:2
BRF:0
BRH:0
end_of_record
TN:
SF:/Users/panda/dev/kudos-token/contracts/KudosTokenLockup.sol
FN:24,KudosTokenLockup
FN:35,release
FN:44,fundsAreAvailable
FNF:3
FNH:3
FNDA:7,KudosTokenLockup
FNDA:6,release
FNDA:2,fundsAreAvailable
DA:25,7
DA:26,7
DA:27,7
DA:28,7
DA:29,7
DA:36,6
DA:38,4
DA:39,4
DA:41,3
DA:45,2
LF:10
LH:10
BRDA:25,1,0,7
BRDA:25,1,1,0
BRDA:26,2,0,7
BRDA:26,2,1,0
BRDA:36,3,0,4
BRDA:36,3,1,2
BRDA:39,4,0,3
BRDA:39,4,1,1
BRDA:41,5,0,3
BRDA:41,5,1,0
BRF:10
BRH:7
end_of_record
TN:
SF:/Users/panda/dev/kudos-token/contracts/KudosTokenSale.sol
FN:36,KudosTokenSale
FN:47,tokensAvailable
FN:51,whenTokenSaleIsActive
FN:56,isActive
FN:64,isAfterStartTime
FN:68,isBeforeEndTime
FN:72,tokensAreAvailable
FN:76,
FN:82,issueTokens
FN:104,getNumberOfTokensToIssue
FN:117,endTokenSale
FNF:11
FNH:11
FNDA:31,KudosTokenSale
FNDA:57,tokensAvailable
FNDA:25,whenTokenSaleIsActive
FNDA:33,isActive
FNDA:39,isAfterStartTime
FNDA:33,isBeforeEndTime
FNDA:25,tokensAreAvailable
FNDA:14,
FNDA:14,issueTokens
FNDA:14,getNumberOfTokensToIssue
FNDA:2,endTokenSale
DA:38,31
DA:39,29
DA:40,28
DA:42,27
DA:43,27
DA:44,27
DA:48,57
DA:52,25
DA:53,14
DA:57,33
DA:65,39
DA:69,33
DA:73,25
DA:77,14
DA:84,14
DA:86,14
DA:87,14
DA:90,14
DA:93,14
DA:94,14
DA:95,14
DA:98,14
DA:99,14
DA:100,0
DA:106,14
DA:110,14
DA:111,0
DA:114,14
DA:120,2
DA:121,2
DA:122,2
LF:31
LH:29
BRDA:38,1,0,29
BRDA:38,1,1,2
BRDA:39,2,0,28
BRDA:39,2,1,1
BRDA:40,3,0,27
BRDA:40,3,1,1
BRDA:52,4,0,14
BRDA:52,4,1,11
BRDA:84,5,0,14
BRDA:84,5,1,0
BRDA:94,6,0,14
BRDA:94,6,1,0
BRDA:99,7,0,0
BRDA:99,7,1,14
BRDA:110,8,0,0
BRDA:110,8,1,14
BRDA:121,9,0,2
BRDA:121,9,1,0
BRDA:122,10,0,2
BRDA:122,10,1,0
BRF:20
BRH:14
end_of_record
TN:
SF:/Users/panda/dev/kudos-token/contracts/Ownable.sol
FN:16,Ownable
FN:23,onlyOwner
FN:32,transferOwnership
FNF:3
FNH:3
FNDA:77,Ownable
FNDA:8,onlyOwner
FNDA:2,transferOwnership
DA:17,77
DA:24,8
DA:25,6
DA:33,2
DA:34,1
DA:35,1
LF:6
LH:6
BRDA:24,1,0,6
BRDA:24,1,1,2
BRDA:33,2,0,1
BRDA:33,2,1,1
BRF:4
BRH:4
end_of_record
TN:
SF:/Users/panda/dev/kudos-token/contracts/SafeMath.sol
FN:9,mul
FN:15,div
FN:22,sub
FN:27,add
FN:33,min256
FNF:5
FNH:5
FNDA:18,mul
FNDA:18,div
FNDA:106,sub
FNDA:105,add
FNDA:17,min256
DA:10,18
DA:11,18
DA:12,18
DA:17,18
DA:19,17
DA:23,106
DA:24,97
DA:28,105
DA:29,105
DA:30,105
DA:34,17
LF:11
LH:11
BRDA:11,1,0,18
BRDA:11,1,1,0
BRDA:23,2,0,97
BRDA:23,2,1,9
BRDA:29,3,0,105
BRDA:29,3,1,0
BRF:6
BRH:4
end_of_record
TN:
SF:/Users/panda/dev/kudos-token/contracts/StandardToken.sol
FN:24,balanceOf
FN:34,transfer
FN:51,transferFrom
FN:70,approve
FN:86,allowance
FNF:5
FNH:5
FNDA:150,balanceOf
FNDA:60,transfer
FNDA:8,transferFrom
FNDA:20,approve
FNDA:10,allowance
DA:25,150
DA:35,60
DA:38,58
DA:39,54
DA:40,54
DA:41,54
DA:52,8
DA:54,7
DA:55,7
DA:56,7
DA:57,7
DA:58,4
DA:59,4
DA:73,20
DA:75,18
DA:76,18
DA:77,18
DA:87,10
LF:18
LH:18
BRDA:35,1,0,58
BRDA:35,1,1,2
BRDA:52,2,0,7
BRDA:52,2,1,1
BRDA:73,3,0,18
BRDA:73,3,1,2
BRF:6
BRH:6
end_of_record
TN:
SF:/Users/panda/dev/kudos-token/contracts/TokenHolder.sol
FN:19,transferAnyERC20Token
FNF:1
FNH:1
FNDA:2,transferAnyERC20Token
DA:20,2
LF:1
LH:1
BRF:0
BRH:0
end_of_record
