TN:
SF:/Users/panda/dev/kudos-token/contracts/ERC20Token.sol
FNF:0
FNH:0
LF:0
LH:0
BRF:0
BRH:0
end_of_record
TN:
SF:/Users/panda/dev/kudos-token/contracts/KudosToken.sol
FN:39,KudosToken
FNF:1
FNH:1
FNDA:49,KudosToken
DA:40,49
DA:41,49
LF:2
LH:2
BRF:0
BRH:0
end_of_record
TN:
SF:/Users/panda/dev/kudos-token/contracts/KudosTokenLockup.sol
FN:24,KudosTokenLockup
FN:35,release
FN:44,fundsAreAvailable
FNF:3
FNH:3
FNDA:10,KudosTokenLockup
FNDA:6,release
FNDA:2,fundsAreAvailable
DA:25,10
DA:26,8
DA:27,7
DA:28,7
DA:29,7
DA:36,6
DA:38,4
DA:39,4
DA:41,3
DA:45,2
LF:10
LH:10
BRDA:25,1,0,8
BRDA:25,1,1,2
BRDA:26,2,0,7
BRDA:26,2,1,1
BRDA:36,3,0,4
BRDA:36,3,1,2
BRDA:39,4,0,3
BRDA:39,4,1,1
BRDA:41,5,0,3
BRDA:41,5,1,0
BRF:10
BRH:9
end_of_record
TN:
SF:/Users/panda/dev/kudos-token/contracts/KudosTokenSale.sol
FN:36,KudosTokenSale
FN:47,tokensAvailable
FN:51,whenTokenSaleIsActive
FN:56,isActive
FN:64,isAfterStartTime
FN:68,isBeforeEndTime
FN:72,tokensAreAvailable
FN:76,
FN:82,issueTokens
FN:104,getNumberOfTokensToIssue
FN:117,endTokenSale
FNF:11
FNH:11
FNDA:36,KudosTokenSale
FNDA:73,tokensAvailable
FNDA:29,whenTokenSaleIsActive
FNDA:39,isActive
FNDA:45,isAfterStartTime
FNDA:39,isBeforeEndTime
FNDA:33,tokensAreAvailable
FNDA:17,
FNDA:18,issueTokens
FNDA:16,getNumberOfTokensToIssue
FNDA:3,endTokenSale
DA:38,36
DA:39,34
DA:40,33
DA:42,32
DA:43,32
DA:44,32
DA:48,73
DA:52,29
DA:53,18
DA:57,39
DA:65,45
DA:69,39
DA:73,33
DA:77,17
DA:84,18
DA:86,16
DA:87,16
DA:90,16
DA:93,16
DA:94,16
DA:95,16
DA:98,16
DA:99,16
DA:100,1
DA:106,16
DA:110,16
DA:111,2
DA:114,16
DA:120,3
DA:121,3
DA:122,2
LF:31
LH:31
BRDA:38,1,0,34
BRDA:38,1,1,2
BRDA:39,2,0,33
BRDA:39,2,1,1
BRDA:40,3,0,32
BRDA:40,3,1,1
BRDA:52,4,0,18
BRDA:52,4,1,11
BRDA:84,5,0,16
BRDA:84,5,1,2
BRDA:94,6,0,16
BRDA:94,6,1,0
BRDA:99,7,0,1
BRDA:99,7,1,15
BRDA:110,8,0,2
BRDA:110,8,1,14
BRDA:121,9,0,2
BRDA:121,9,1,1
BRDA:122,10,0,2
BRDA:122,10,1,0
BRF:20
BRH:18
end_of_record
TN:
SF:/Users/panda/dev/kudos-token/contracts/Ownable.sol
FN:16,Ownable
FN:23,onlyOwner
FN:32,transferOwnership
FNF:3
FNH:3
FNDA:91,Ownable
FNDA:9,onlyOwner
FNDA:2,transferOwnership
DA:17,91
DA:24,9
DA:25,7
DA:33,2
DA:34,1
DA:35,1
LF:6
LH:6
BRDA:24,1,0,7
BRDA:24,1,1,2
BRDA:33,2,0,1
BRDA:33,2,1,1
BRF:4
BRH:4
end_of_record
TN:
SF:/Users/panda/dev/kudos-token/contracts/SafeMath.sol
FN:9,mul
FN:15,div
FN:22,sub
FN:27,add
FN:33,min256
FNF:5
FNH:5
FNDA:20,mul
FNDA:20,div
FNDA:116,sub
FNDA:117,add
FNDA:19,min256
DA:10,20
DA:11,20
DA:12,20
DA:17,20
DA:19,19
DA:23,116
DA:24,107
DA:28,117
DA:29,117
DA:30,117
DA:34,19
LF:11
LH:11
BRDA:11,1,0,20
BRDA:11,1,1,0
BRDA:23,2,0,107
BRDA:23,2,1,9
BRDA:29,3,0,117
BRDA:29,3,1,0
BRF:6
BRH:4
end_of_record
TN:
SF:/Users/panda/dev/kudos-token/contracts/StandardToken.sol
FN:24,balanceOf
FN:34,transfer
FN:51,transferFrom
FN:70,approve
FN:86,allowance
FNF:5
FNH:5
FNDA:170,balanceOf
FNDA:66,transfer
FNDA:8,transferFrom
FNDA:20,approve
FNDA:10,allowance
DA:25,170
DA:35,66
DA:38,64
DA:39,60
DA:40,60
DA:41,60
DA:52,8
DA:54,7
DA:55,7
DA:56,7
DA:57,7
DA:58,4
DA:59,4
DA:73,20
DA:75,18
DA:76,18
DA:77,18
DA:87,10
LF:18
LH:18
BRDA:35,1,0,64
BRDA:35,1,1,2
BRDA:52,2,0,7
BRDA:52,2,1,1
BRDA:73,3,0,18
BRDA:73,3,1,2
BRF:6
BRH:6
end_of_record
TN:
SF:/Users/panda/dev/kudos-token/contracts/TokenHolder.sol
FN:19,transferAnyERC20Token
FNF:1
FNH:1
FNDA:2,transferAnyERC20Token
DA:20,2
LF:1
LH:1
BRF:0
BRH:0
end_of_record
